Arguments: 
  /usr/local/bin/node /usr/local/bin/yarn add webpack webpack-cli webpack-dev-server html-webpack-plugin --dev

PATH: 
  /home/cats/miniconda3/condabin:/home/cats/.local/bin:/usr/local/sbin:/usr/local/bin:/usr/sbin:/usr/bin:/sbin:/bin:/usr/games:/usr/local/games:/snap/bin:/snap/bin:/home/cats/.yarn/bin

Yarn version: 
  1.22.19

Node version: 
  18.8.0

Platform: 
  linux x64

Trace: 
  SyntaxError: /media/catsdata/GIT/diagram.site.node/package.json: Unexpected token } in JSON at position 381
      at JSON.parse (<anonymous>)
      at /usr/local/lib/node_modules/yarn/lib/cli.js:1629:59
      at Generator.next (<anonymous>)
      at step (/usr/local/lib/node_modules/yarn/lib/cli.js:310:30)
      at /usr/local/lib/node_modules/yarn/lib/cli.js:321:13

npm manifest: 
  {
    "name": "diagram.site.node",
    "version": "1.0.0",
    "main": "index.js",
    "repository": "git@github.com:knottedTail/diagram.site.node.git",
    "author": "<philip94@snu.ac.kr>",
    "license": "MIT",
    "private": true,
    "scripts": {
      "dev": "webpack --mode development",
      "start": "webpack-dev-server --mode development --open",
      "build": "webpack --mode production",
    },
  }

yarn manifest: 
  No manifest

Lockfile: 
  No lockfile
